1548663116020:xcode
1548663119879:exit
1548740966734:hello
1548741310718:xcode
1548741392239:stacktrace
1548741433446:debug xcode
1548741436875:xcode
1548753240978:exit
1548753753387:xcode
1548818925244:XCODE
1548818931073:xcode
1548818934512:exit
1548819608940:xcode
1548819633697:xcode --tables=sys_user
1548819792102:xcode
1548819810101:xcode --tables=sys_user
1548819830378:stacktrace
1548819935484:xcode --tables=sys_user
1548820078399:xcode -t sys_user
1548820134248:xcode -t sys_user,sys_org,sys_role
1548820154092:stacktrace
1548820181104:xcode -t sys_user,sys_org,sys_role
1548820413394:xcode -t
1548820423122:xcode
1548824006793:help
1548824015382:ls -c sys
1548824035736:ls -c sys_user
1548827118177:help
1548827122129:help ls
1548827141178:ls -c sys
1548827168146:ls -c sys_role
1548827379864:ls -c sys_user
1548827391410:ls -n sys_role
1548827402233:ls -n sys_
1548827427640:exit
1548921045834:xcode
1548921217480:xcode -t sys_user
1548921250496:xcode -t sys_org
1548921256961:exit
1548921388792:xcode -t T_SGS_XZCF18
1548921623030:exit
1548921641232:xcode -t T_SGS_XZCF18
1548921753642:xcode -t T_SGS_XZXK18
1548921765586:stacktrace
1548921812902:xcode -t T_SGS_XZXK18
